07/21 [15:04:02] INFO     | >> Load dataset info from            dataset_info.py:599
                          /ssdscratch/scml-shared/amete7/openx_d                    
                          ata/fractal20220817_data/0.1.0                            
                 INFO     | >> Constructing tf.data.Dataset     logging_logger.py:49
                          fractal20220817_data for split all,                       
                          from                                                      
                          /ssdscratch/scml-shared/amete7/openx_                     
                          data/fractal20220817_data/0.1.0                           
07/21 [15:04:03] INFO     | >> [*] Loading existing dataset        data_utils.py:208
                          statistics from                                           
                          /ssdscratch/scml-shared/amete7/openx_dat                  
                          a/fractal20220817_data/0.1.0/dataset_sta                  
                          tistics_b36bac5699341fbc1aa9486e94819d8f                  
                          33d0839f3295fbe1333607e891c17188.json.                    
                 INFO     | >> Constructing tf.data.Dataset     logging_logger.py:49
                          fractal20220817_data for split                            
                          train[:95%], from                                         
                          /ssdscratch/scml-shared/amete7/openx_                     
                          data/fractal20220817_data/0.1.0                           
07/21 [15:04:04] INFO     | >> Load dataset info from            dataset_info.py:599
                          /ssdscratch/scml-shared/amete7/openx_d                    
                          ata/kuka/0.1.0                                            
                 INFO     | >> Constructing tf.data.Dataset     logging_logger.py:49
                          kuka for split all, from                                  
                          /ssdscratch/scml-shared/amete7/openx_                     
                          data/kuka/0.1.0                                           
07/21 [15:04:05] INFO     | >> [*] Loading existing dataset        data_utils.py:208
                          statistics from                                           
                          /ssdscratch/scml-shared/amete7/openx_dat                  
                          a/kuka/0.1.0/dataset_statistics_335ca38f                  
                          347a14bcc158cca31a87b58e7a17f09ee0e1536a                  
                          a76fcdf3b6f8bba2.json.                                    
                 INFO     | >> Constructing tf.data.Dataset     logging_logger.py:49
                          kuka for split train[:95%], from                          
                          /ssdscratch/scml-shared/amete7/openx_                     
                          data/kuka/0.1.0                                           
                 INFO     | >> Load dataset info from            dataset_info.py:599
                          /ssdscratch/scml-shared/amete7/openx_d                    
                          ata/taco_play/0.1.0                                       
                 INFO     | >> Constructing tf.data.Dataset     logging_logger.py:49
                          taco_play for split all, from                             
                          /ssdscratch/scml-shared/amete7/openx_                     
                          data/taco_play/0.1.0                                      
                 INFO     | >> [*] Loading existing dataset        data_utils.py:208
                          statistics from                                           
                          /ssdscratch/scml-shared/amete7/openx_dat                  
                          a/taco_play/0.1.0/dataset_statistics_7d5                  
                          68f012d9a0664559715e78c43e525f1f64694bfe                  
                          cb65b5528990b1f16fdfe.json.                               
                 INFO     | >> Constructing tf.data.Dataset     logging_logger.py:49
                          taco_play for split train[:95%], from                     
                          /ssdscratch/scml-shared/amete7/openx_                     
                          data/taco_play/0.1.0                                      
                 INFO     | >> Load dataset info from            dataset_info.py:599
                          /ssdscratch/scml-shared/amete7/openx_d                    
                          ata/jaco_play/0.1.0                                       
                 INFO     | >> Constructing tf.data.Dataset     logging_logger.py:49
                          jaco_play for split all, from                             
                          /ssdscratch/scml-shared/amete7/openx_                     
                          data/jaco_play/0.1.0                                      
07/21 [15:04:06] INFO     | >> [*] Loading existing dataset        data_utils.py:208
                          statistics from                                           
                          /ssdscratch/scml-shared/amete7/openx_dat                  
                          a/jaco_play/0.1.0/dataset_statistics_bcf                  
                          ef82f7c3dff74c3e0870722096287d43e5b7ff17                  
                          3eb75468dcf0784ede26e.json.                               
                 INFO     | >> Constructing tf.data.Dataset     logging_logger.py:49
                          jaco_play for split train[:95%], from                     
                          /ssdscratch/scml-shared/amete7/openx_                     
                          data/jaco_play/0.1.0                                      
                 INFO     | >> Load dataset info from            dataset_info.py:599
                          /ssdscratch/scml-shared/amete7/openx_d                    
                          ata/roboturk/0.1.0                                        
                 INFO     | >> Constructing tf.data.Dataset     logging_logger.py:49
                          roboturk for split all, from                              
                          /ssdscratch/scml-shared/amete7/openx_                     
                          data/roboturk/0.1.0                                       
                 INFO     | >> [*] Loading existing dataset        data_utils.py:208
                          statistics from                                           
                          /ssdscratch/scml-shared/amete7/openx_dat                  
                          a/roboturk/0.1.0/dataset_statistics_f8b8                  
                          1df5c4475b5ef4f984d80e74f374af2f9d831a2b                  
                          67b1f0108cf420552363.json.                                
                 INFO     | >> Constructing tf.data.Dataset     logging_logger.py:49
                          roboturk for split train[:95%], from                      
                          /ssdscratch/scml-shared/amete7/openx_                     
                          data/roboturk/0.1.0                                       
                 INFO     | >> Load dataset info from            dataset_info.py:599
                          /ssdscratch/scml-shared/amete7/openx_d                    
                          ata/viola/0.1.0                                           
                 INFO     | >> Constructing tf.data.Dataset     logging_logger.py:49
                          viola for split all, from                                 
                          /ssdscratch/scml-shared/amete7/openx_                     
                          data/viola/0.1.0                                          
                 INFO     | >> [*] Loading existing dataset        data_utils.py:208
                          statistics from                                           
                          /ssdscratch/scml-shared/amete7/openx_dat                  
                          a/viola/0.1.0/dataset_statistics_e95069e                  
                          6a2d90e18234f5ab358bc498f4f43ad758729847                  
                          9148f419fcc589432.json.                                   
                 INFO     | >> Constructing tf.data.Dataset     logging_logger.py:49
                          viola for split train[:95%], from                         
                          /ssdscratch/scml-shared/amete7/openx_                     
                          data/viola/0.1.0                                          
                 INFO     | >> Load dataset info from            dataset_info.py:599
                          /ssdscratch/scml-shared/amete7/openx_d                    
                          ata/berkeley_autolab_ur5/0.1.0                            
                 INFO     | >> Constructing tf.data.Dataset     logging_logger.py:49
                          berkeley_autolab_ur5 for split all,                       
                          from                                                      
                          /ssdscratch/scml-shared/amete7/openx_                     
                          data/berkeley_autolab_ur5/0.1.0                           
07/21 [15:04:07] INFO     | >> [*] Loading existing dataset        data_utils.py:208
                          statistics from                                           
                          /ssdscratch/scml-shared/amete7/openx_dat                  
                          a/berkeley_autolab_ur5/0.1.0/dataset_sta                  
                          tistics_70b5907dd89638af6b5346d06b084066                  
                          5d91e67aeb343636f23ed3885c8e5b6c.json.                    
                 INFO     | >> Constructing tf.data.Dataset     logging_logger.py:49
                          berkeley_autolab_ur5 for split                            
                          train[:95%], from                                         
                          /ssdscratch/scml-shared/amete7/openx_                     
                          data/berkeley_autolab_ur5/0.1.0                           
                 INFO     | >> Load dataset info from            dataset_info.py:599
                          /ssdscratch/scml-shared/amete7/openx_d                    
                          ata/language_table/0.1.0                                  
                 INFO     | >> Constructing tf.data.Dataset     logging_logger.py:49
                          language_table for split all, from                        
                          /ssdscratch/scml-shared/amete7/openx_                     
                          data/language_table/0.1.0                                 
                 INFO     | >> [*] Loading existing dataset        data_utils.py:208
                          statistics from                                           
                          /ssdscratch/scml-shared/amete7/openx_dat                  
                          a/language_table/0.1.0/dataset_statistic                  
                          s_ad27b41fce74a50609432764e0b23768cddba1                  
                          ad0e0ef677287956d2cc78405e.json.                          
                 INFO     | >> Constructing tf.data.Dataset     logging_logger.py:49
                          language_table for split train[:95%],                     
                          from                                                      
                          /ssdscratch/scml-shared/amete7/openx_                     
                          data/language_table/0.1.0                                 
07/21 [15:04:08] INFO     | >> Load dataset info from            dataset_info.py:599
                          /ssdscratch/scml-shared/amete7/openx_d                    
                          ata/stanford_hydra_dataset_converted_e                    
                          xternally_to_rlds/0.1.0                                   
                 INFO     | >> Constructing tf.data.Dataset     logging_logger.py:49
                          stanford_hydra_dataset_converted_exte                     
                          rnally_to_rlds for split all, from                        
                          /ssdscratch/scml-shared/amete7/openx_                     
                          data/stanford_hydra_dataset_converted                     
                          _externally_to_rlds/0.1.0                                 
                 INFO     | >> [*] Loading existing dataset        data_utils.py:208
                          statistics from                                           
                          /ssdscratch/scml-shared/amete7/openx_dat                  
                          a/stanford_hydra_dataset_converted_exter                  
                          nally_to_rlds/0.1.0/dataset_statistics_e                  
                          cbca3a519edc96ba1b3386c0db57d6f142c75461                  
                          51ac2c074f9e0d18c307c30.json.                             
                 INFO     | >> Constructing tf.data.Dataset     logging_logger.py:49
                          stanford_hydra_dataset_converted_exte                     
                          rnally_to_rlds for split train[:95%],                     
                          from                                                      
                          /ssdscratch/scml-shared/amete7/openx_                     
                          data/stanford_hydra_dataset_converted                     
                          _externally_to_rlds/0.1.0                                 
                 INFO     | >> Load dataset info from            dataset_info.py:599
                          /ssdscratch/scml-shared/amete7/openx_d                    
                          ata/austin_buds_dataset_converted_exte                    
                          rnally_to_rlds/0.1.0                                      
                 INFO     | >> Constructing tf.data.Dataset     logging_logger.py:49
                          austin_buds_dataset_converted_externa                     
                          lly_to_rlds for split all, from                           
                          /ssdscratch/scml-shared/amete7/openx_                     
                          data/austin_buds_dataset_converted_ex                     
                          ternally_to_rlds/0.1.0                                    
                 INFO     | >> [*] Loading existing dataset        data_utils.py:208
                          statistics from                                           
                          /ssdscratch/scml-shared/amete7/openx_dat                  
                          a/austin_buds_dataset_converted_external                  
                          ly_to_rlds/0.1.0/dataset_statistics_76ce                  
                          4d6c0b6306d3415ab4120da40c838a29c5f71e7d                  
                          53fba00d33d553f96db5.json.                                
                 INFO     | >> Constructing tf.data.Dataset     logging_logger.py:49
                          austin_buds_dataset_converted_externa                     
                          lly_to_rlds for split train[:95%],                        
                          from                                                      
                          /ssdscratch/scml-shared/amete7/openx_                     
                          data/austin_buds_dataset_converted_ex                     
                          ternally_to_rlds/0.1.0                                    
                 INFO     | >> Load dataset info from            dataset_info.py:599
                          /ssdscratch/scml-shared/amete7/openx_d                    
                          ata/ucsd_kitchen_dataset_converted_ext                    
                          ernally_to_rlds/0.1.0                                     
                 INFO     | >> Constructing tf.data.Dataset     logging_logger.py:49
                          ucsd_kitchen_dataset_converted_extern                     
                          ally_to_rlds for split all, from                          
                          /ssdscratch/scml-shared/amete7/openx_                     
                          data/ucsd_kitchen_dataset_converted_e                     
                          xternally_to_rlds/0.1.0                                   
                 INFO     | >> [*] Loading existing dataset        data_utils.py:208
                          statistics from                                           
                          /ssdscratch/scml-shared/amete7/openx_dat                  
                          a/ucsd_kitchen_dataset_converted_externa                  
                          lly_to_rlds/0.1.0/dataset_statistics_7d0                  
                          3ec6a93508938aedb213b459761a90d3d77a5cbd                  
                          98a499d3db8c1733d6c50.json.                               
07/21 [15:04:09] INFO     | >> Constructing tf.data.Dataset     logging_logger.py:49
                          ucsd_kitchen_dataset_converted_extern                     
                          ally_to_rlds for split train[:95%],                       
                          from                                                      
                          /ssdscratch/scml-shared/amete7/openx_                     
                          data/ucsd_kitchen_dataset_converted_e                     
                          xternally_to_rlds/0.1.0                                   
                 INFO     | >> Load dataset info from            dataset_info.py:599
                          /ssdscratch/scml-shared/amete7/openx_d                    
                          ata/dlr_edan_shared_control_converted_                    
                          externally_to_rlds/0.1.0                                  
                 INFO     | >> Constructing tf.data.Dataset     logging_logger.py:49
                          dlr_edan_shared_control_converted_ext                     
                          ernally_to_rlds for split all, from                       
                          /ssdscratch/scml-shared/amete7/openx_                     
                          data/dlr_edan_shared_control_converte                     
                          d_externally_to_rlds/0.1.0                                
                 INFO     | >> [*] Loading existing dataset        data_utils.py:208
                          statistics from                                           
                          /ssdscratch/scml-shared/amete7/openx_dat                  
                          a/dlr_edan_shared_control_converted_exte                  
                          rnally_to_rlds/0.1.0/dataset_statistics_                  
                          eaa961210b45bc1ca82ad28281dc194046b2adbe                  
                          814b725d279d721fde22db7a.json.                            
                 INFO     | >> Constructing tf.data.Dataset     logging_logger.py:49
                          dlr_edan_shared_control_converted_ext                     
                          ernally_to_rlds for split                                 
                          train[:95%], from                                         
                          /ssdscratch/scml-shared/amete7/openx_                     
                          data/dlr_edan_shared_control_converte                     
                          d_externally_to_rlds/0.1.0                                
                 INFO     | >> Load dataset info from            dataset_info.py:599
                          /ssdscratch/scml-shared/amete7/openx_d                    
                          ata/iamlab_cmu_pickup_insert_converted                    
                          _externally_to_rlds/0.1.0                                 
                 INFO     | >> Constructing tf.data.Dataset     logging_logger.py:49
                          iamlab_cmu_pickup_insert_converted_ex                     
                          ternally_to_rlds for split all, from                      
                          /ssdscratch/scml-shared/amete7/openx_                     
                          data/iamlab_cmu_pickup_insert_convert                     
                          ed_externally_to_rlds/0.1.0                               
07/21 [15:04:10] INFO     | >> [*] Loading existing dataset        data_utils.py:208
                          statistics from                                           
                          /ssdscratch/scml-shared/amete7/openx_dat                  
                          a/iamlab_cmu_pickup_insert_converted_ext                  
                          ernally_to_rlds/0.1.0/dataset_statistics                  
                          _4e397beb20bf0d8903596824fdee6465106a315                  
                          3556e85dbe975c94f0e69e7e3.json.                           
                 INFO     | >> Constructing tf.data.Dataset     logging_logger.py:49
                          iamlab_cmu_pickup_insert_converted_ex                     
                          ternally_to_rlds for split                                
                          train[:95%], from                                         
                          /ssdscratch/scml-shared/amete7/openx_                     
                          data/iamlab_cmu_pickup_insert_convert                     
                          ed_externally_to_rlds/0.1.0                               
07/21 [15:04:11] INFO     | >> Load dataset info from            dataset_info.py:599
                          /ssdscratch/scml-shared/amete7/openx_d                    
                          ata/utaustin_mutex/0.1.0                                  
                 INFO     | >> Constructing tf.data.Dataset     logging_logger.py:49
                          utaustin_mutex for split all, from                        
                          /ssdscratch/scml-shared/amete7/openx_                     
                          data/utaustin_mutex/0.1.0                                 
                 INFO     | >> [*] Loading existing dataset        data_utils.py:208
                          statistics from                                           
                          /ssdscratch/scml-shared/amete7/openx_dat                  
                          a/utaustin_mutex/0.1.0/dataset_statistic                  
                          s_14139f89088ba92d75bc56303216d95ed00ac9                  
                          a861e6fa4adfbc240e5c6e6d87.json.                          
                 INFO     | >> Constructing tf.data.Dataset     logging_logger.py:49
                          utaustin_mutex for split train[:95%],                     
                          from                                                      
                          /ssdscratch/scml-shared/amete7/openx_                     
                          data/utaustin_mutex/0.1.0                                 
                 INFO     | >> Load dataset info from            dataset_info.py:599
                          /ssdscratch/scml-shared/amete7/openx_d                    
                          ata/berkeley_fanuc_manipulation/0.1.0                     
                 INFO     | >> Constructing tf.data.Dataset     logging_logger.py:49
                          berkeley_fanuc_manipulation for split                     
                          all, from                                                 
                          /ssdscratch/scml-shared/amete7/openx_                     
                          data/berkeley_fanuc_manipulation/0.1.                     
                          0                                                         
                 INFO     | >> [*] Loading existing dataset        data_utils.py:208
                          statistics from                                           
                          /ssdscratch/scml-shared/amete7/openx_dat                  
                          a/berkeley_fanuc_manipulation/0.1.0/data                  
                          set_statistics_3b699a0a714daae9254712118                  
                          9b15e4023b4d697f21a8ba64522bfed6560e56f.                  
                          json.                                                     
                 INFO     | >> Constructing tf.data.Dataset     logging_logger.py:49
                          berkeley_fanuc_manipulation for split                     
                          train[:95%], from                                         
                          /ssdscratch/scml-shared/amete7/openx_                     
                          data/berkeley_fanuc_manipulation/0.1.                     
                          0                                                         
                 INFO     | >> Load dataset info from            dataset_info.py:599
                          /ssdscratch/scml-shared/amete7/openx_d                    
                          ata/cmu_stretch/0.1.0                                     
                 INFO     | >> Constructing tf.data.Dataset     logging_logger.py:49
                          cmu_stretch for split all, from                           
                          /ssdscratch/scml-shared/amete7/openx_                     
                          data/cmu_stretch/0.1.0                                    
07/21 [15:04:12] INFO     | >> [*] Loading existing dataset        data_utils.py:208
                          statistics from                                           
                          /ssdscratch/scml-shared/amete7/openx_dat                  
                          a/cmu_stretch/0.1.0/dataset_statistics_0                  
                          7f194b317190ac907cc9ac960225a311e4a6b98e                  
                          824502b5fb61da5e035d9b5.json.                             
                 INFO     | >> Constructing tf.data.Dataset     logging_logger.py:49
                          cmu_stretch for split train[:95%],                        
                          from                                                      
                          /ssdscratch/scml-shared/amete7/openx_                     
                          data/cmu_stretch/0.1.0                                    
                 INFO     | >> Load dataset info from            dataset_info.py:599
                          /ssdscratch/scml-shared/amete7/openx_d                    
                          ata/bc_z/0.1.0                                            
                 INFO     | >> Constructing tf.data.Dataset     logging_logger.py:49
                          bc_z for split all, from                                  
                          /ssdscratch/scml-shared/amete7/openx_                     
                          data/bc_z/0.1.0                                           
                 INFO     | >> [*] Loading existing dataset        data_utils.py:208
                          statistics from                                           
                          /ssdscratch/scml-shared/amete7/openx_dat                  
                          a/bc_z/0.1.0/dataset_statistics_0d64c24f                  
                          cd3930a261c092b4d3ce4c1a2abfe521a97fb9c9                  
                          e244cb0c87a13679.json.                                    
                 INFO     | >> Constructing tf.data.Dataset     logging_logger.py:49
                          bc_z for split train, from                                
                          /ssdscratch/scml-shared/amete7/openx_                     
                          data/bc_z/0.1.0                                           
                 INFO     | >> Load dataset info from            dataset_info.py:599
                          /ssdscratch/scml-shared/amete7/openx_d                    
                          ata/dobbe/0.0.1                                           
                 INFO     | >> Constructing tf.data.Dataset     logging_logger.py:49
                          dobbe for split all, from                                 
                          /ssdscratch/scml-shared/amete7/openx_                     
                          data/dobbe/0.0.1                                          
07/21 [15:04:13] INFO     | >> [*] Loading existing dataset        data_utils.py:208
                          statistics from                                           
                          /ssdscratch/scml-shared/amete7/openx_dat                  
                          a/dobbe/0.0.1/dataset_statistics_fa99b91                  
                          fca4ab3c83a96760e81204f92de62f92f5d79fdf                  
                          e41209ff009063bff.json.                                   
                 INFO     | >> Constructing tf.data.Dataset     logging_logger.py:49
                          dobbe for split train[:95%], from                         
                          /ssdscratch/scml-shared/amete7/openx_                     
                          data/dobbe/0.0.1                                          
                 INFO     | >> Load dataset info from            dataset_info.py:599
                          /ssdscratch/scml-shared/amete7/openx_d                    
                          ata/droid/1.4.0                                           
                 INFO     | >> Constructing tf.data.Dataset     logging_logger.py:49
                          droid for split all, from                                 
                          /ssdscratch/scml-shared/amete7/openx_                     
                          data/droid/1.4.0                                          
                 INFO     | >> [*] Loading existing dataset        data_utils.py:208
                          statistics from                                           
                          /ssdscratch/scml-shared/amete7/openx_dat                  
                          a/droid/1.4.0/dataset_statistics_c325d2b                  
                          70aee612aa4104f5b41382feca45b832be57bbcc                  
                          24b625d7ad2b6b945.json.                                   
                 INFO     | >> Constructing tf.data.Dataset     logging_logger.py:49
                          droid for split train[:95%], from                         
                          /ssdscratch/scml-shared/amete7/openx_                     
                          data/droid/1.4.0                                          

######################################################################################
# Loading the following 19 datasets (incl. sampling weight):                         #
# fractal20220817_data: ====================================================0.193979 #
# kuka: ====================================================================0.194027 #
# taco_play: ===============================================================0.045048 #
# jaco_play: ===============================================================0.007385 #
# roboturk: ================================================================0.035521 #
# viola: ===================================================================0.014459 #
# berkeley_autolab_ur5: ====================================================0.018553 #
# language_table: ==========================================================0.066734 #
# stanford_hydra_dataset_converted_externally_to_rlds: =====================0.067863 #
# austin_buds_dataset_converted_externally_to_rlds: ========================0.003231 #
# ucsd_kitchen_dataset_converted_externally_to_rlds: =======================0.000752 #
# dlr_edan_shared_control_converted_externally_to_rlds: ====================0.000846 #
# iamlab_cmu_pickup_insert_converted_externally_to_rlds: ===================0.013852 #
# utaustin_mutex: ==========================================================0.034277 #
# berkeley_fanuc_manipulation: =============================================0.011861 #
# cmu_stretch: =============================================================0.002369 #
# bc_z: ====================================================================0.113956 #
# dobbe: ===================================================================0.021594 #
# droid: ===================================================================0.153695 #
######################################################################################

                 INFO     | >> [*] Threads per Dataset: [1 1 1 1 1 1  dataset.py:531
                          1 1 1 1 1 1 1 1 1 1 1 1 1]                                
                 INFO     | >> [*] Reads per Dataset: [1 1 1 1 1 1 1  dataset.py:532
                          1 1 1 1 1 1 1 1 1 1 1 1]                                  
                 INFO     | >> [*] Constructing datasets...           dataset.py:535
                 INFO     | >> Load dataset info from            dataset_info.py:599
                          /ssdscratch/scml-shared/amete7/openx_d                    
                          ata/fractal20220817_data/0.1.0                            
07/21 [15:04:14] INFO     | >> Constructing tf.data.Dataset     logging_logger.py:49
                          fractal20220817_data for split                            
                          train[:95%], from                                         
                          /ssdscratch/scml-shared/amete7/openx_                     
                          data/fractal20220817_data/0.1.0                           
07/21 [15:04:15] INFO     | >> Load dataset info from            dataset_info.py:599
                          /ssdscratch/scml-shared/amete7/openx_d                    
                          ata/kuka/0.1.0                                            
                 INFO     | >> Constructing tf.data.Dataset     logging_logger.py:49
                          kuka for split train[:95%], from                          
                          /ssdscratch/scml-shared/amete7/openx_                     
                          data/kuka/0.1.0                                           
                 INFO     | >> Load dataset info from            dataset_info.py:599
                          /ssdscratch/scml-shared/amete7/openx_d                    
                          ata/taco_play/0.1.0                                       
                 INFO     | >> Constructing tf.data.Dataset     logging_logger.py:49
                          taco_play for split train[:95%], from                     
                          /ssdscratch/scml-shared/amete7/openx_                     
                          data/taco_play/0.1.0                                      
                 INFO     | >> Load dataset info from            dataset_info.py:599
                          /ssdscratch/scml-shared/amete7/openx_d                    
                          ata/jaco_play/0.1.0                                       
                 INFO     | >> Constructing tf.data.Dataset     logging_logger.py:49
                          jaco_play for split train[:95%], from                     
                          /ssdscratch/scml-shared/amete7/openx_                     
                          data/jaco_play/0.1.0                                      
07/21 [15:04:16] INFO     | >> Load dataset info from            dataset_info.py:599
                          /ssdscratch/scml-shared/amete7/openx_d                    
                          ata/roboturk/0.1.0                                        
                 INFO     | >> Constructing tf.data.Dataset     logging_logger.py:49
                          roboturk for split train[:95%], from                      
                          /ssdscratch/scml-shared/amete7/openx_                     
                          data/roboturk/0.1.0                                       
                 INFO     | >> Load dataset info from            dataset_info.py:599
                          /ssdscratch/scml-shared/amete7/openx_d                    
                          ata/viola/0.1.0                                           
                 INFO     | >> Constructing tf.data.Dataset     logging_logger.py:49
                          viola for split train[:95%], from                         
                          /ssdscratch/scml-shared/amete7/openx_                     
                          data/viola/0.1.0                                          
                 INFO     | >> Load dataset info from            dataset_info.py:599
                          /ssdscratch/scml-shared/amete7/openx_d                    
                          ata/berkeley_autolab_ur5/0.1.0                            
                 INFO     | >> Constructing tf.data.Dataset     logging_logger.py:49
                          berkeley_autolab_ur5 for split                            
                          train[:95%], from                                         
                          /ssdscratch/scml-shared/amete7/openx_                     
                          data/berkeley_autolab_ur5/0.1.0                           
                 INFO     | >> Load dataset info from            dataset_info.py:599
                          /ssdscratch/scml-shared/amete7/openx_d                    
                          ata/language_table/0.1.0                                  
                 INFO     | >> Constructing tf.data.Dataset     logging_logger.py:49
                          language_table for split train[:95%],                     
                          from                                                      
                          /ssdscratch/scml-shared/amete7/openx_                     
                          data/language_table/0.1.0                                 
07/21 [15:04:17] INFO     | >> Load dataset info from            dataset_info.py:599
                          /ssdscratch/scml-shared/amete7/openx_d                    
                          ata/stanford_hydra_dataset_converted_e                    
                          xternally_to_rlds/0.1.0                                   
                 INFO     | >> Constructing tf.data.Dataset     logging_logger.py:49
                          stanford_hydra_dataset_converted_exte                     
                          rnally_to_rlds for split train[:95%],                     
                          from                                                      
                          /ssdscratch/scml-shared/amete7/openx_                     
                          data/stanford_hydra_dataset_converted                     
                          _externally_to_rlds/0.1.0                                 
                 INFO     | >> Load dataset info from            dataset_info.py:599
                          /ssdscratch/scml-shared/amete7/openx_d                    
                          ata/austin_buds_dataset_converted_exte                    
                          rnally_to_rlds/0.1.0                                      
                 INFO     | >> Constructing tf.data.Dataset     logging_logger.py:49
                          austin_buds_dataset_converted_externa                     
                          lly_to_rlds for split train[:95%],                        
                          from                                                      
                          /ssdscratch/scml-shared/amete7/openx_                     
                          data/austin_buds_dataset_converted_ex                     
                          ternally_to_rlds/0.1.0                                    
                 INFO     | >> Load dataset info from            dataset_info.py:599
                          /ssdscratch/scml-shared/amete7/openx_d                    
                          ata/ucsd_kitchen_dataset_converted_ext                    
                          ernally_to_rlds/0.1.0                                     
                 INFO     | >> Constructing tf.data.Dataset     logging_logger.py:49
                          ucsd_kitchen_dataset_converted_extern                     
                          ally_to_rlds for split train[:95%],                       
                          from                                                      
                          /ssdscratch/scml-shared/amete7/openx_                     
                          data/ucsd_kitchen_dataset_converted_e                     
                          xternally_to_rlds/0.1.0                                   
                 INFO     | >> Load dataset info from            dataset_info.py:599
                          /ssdscratch/scml-shared/amete7/openx_d                    
                          ata/dlr_edan_shared_control_converted_                    
                          externally_to_rlds/0.1.0                                  
07/21 [15:04:18] INFO     | >> Constructing tf.data.Dataset     logging_logger.py:49
                          dlr_edan_shared_control_converted_ext                     
                          ernally_to_rlds for split                                 
                          train[:95%], from                                         
                          /ssdscratch/scml-shared/amete7/openx_                     
                          data/dlr_edan_shared_control_converte                     
                          d_externally_to_rlds/0.1.0                                
                 INFO     | >> Load dataset info from            dataset_info.py:599
                          /ssdscratch/scml-shared/amete7/openx_d                    
                          ata/iamlab_cmu_pickup_insert_converted                    
                          _externally_to_rlds/0.1.0                                 
                 INFO     | >> Constructing tf.data.Dataset     logging_logger.py:49
                          iamlab_cmu_pickup_insert_converted_ex                     
                          ternally_to_rlds for split                                
                          train[:95%], from                                         
                          /ssdscratch/scml-shared/amete7/openx_                     
                          data/iamlab_cmu_pickup_insert_convert                     
                          ed_externally_to_rlds/0.1.0                               
                 INFO     | >> Load dataset info from            dataset_info.py:599
                          /ssdscratch/scml-shared/amete7/openx_d                    
                          ata/utaustin_mutex/0.1.0                                  
                 INFO     | >> Constructing tf.data.Dataset     logging_logger.py:49
                          utaustin_mutex for split train[:95%],                     
                          from                                                      
                          /ssdscratch/scml-shared/amete7/openx_                     
                          data/utaustin_mutex/0.1.0                                 
07/21 [15:04:19] INFO     | >> Load dataset info from            dataset_info.py:599
                          /ssdscratch/scml-shared/amete7/openx_d                    
                          ata/berkeley_fanuc_manipulation/0.1.0                     
                 INFO     | >> Constructing tf.data.Dataset     logging_logger.py:49
                          berkeley_fanuc_manipulation for split                     
                          train[:95%], from                                         
                          /ssdscratch/scml-shared/amete7/openx_                     
                          data/berkeley_fanuc_manipulation/0.1.                     
                          0                                                         
                 INFO     | >> Load dataset info from            dataset_info.py:599
                          /ssdscratch/scml-shared/amete7/openx_d                    
                          ata/cmu_stretch/0.1.0                                     
                 INFO     | >> Constructing tf.data.Dataset     logging_logger.py:49
                          cmu_stretch for split train[:95%],                        
                          from                                                      
                          /ssdscratch/scml-shared/amete7/openx_                     
                          data/cmu_stretch/0.1.0                                    
                 INFO     | >> Load dataset info from            dataset_info.py:599
                          /ssdscratch/scml-shared/amete7/openx_d                    
                          ata/bc_z/0.1.0                                            
                 INFO     | >> Constructing tf.data.Dataset     logging_logger.py:49
                          bc_z for split train, from                                
                          /ssdscratch/scml-shared/amete7/openx_                     
                          data/bc_z/0.1.0                                           
                 INFO     | >> Load dataset info from            dataset_info.py:599
                          /ssdscratch/scml-shared/amete7/openx_d                    
                          ata/dobbe/0.0.1                                           
                 INFO     | >> Constructing tf.data.Dataset     logging_logger.py:49
                          dobbe for split train[:95%], from                         
                          /ssdscratch/scml-shared/amete7/openx_                     
                          data/dobbe/0.0.1                                          
07/21 [15:04:20] INFO     | >> Load dataset info from            dataset_info.py:599
                          /ssdscratch/scml-shared/amete7/openx_d                    
                          ata/droid/1.4.0                                           
                 INFO     | >> Constructing tf.data.Dataset     logging_logger.py:49
                          droid for split train[:95%], from                         
                          /ssdscratch/scml-shared/amete7/openx_                     
                          data/droid/1.4.0                                          
                 INFO     | >> [*] Applying frame transforms on       dataset.py:575
                          dataset...                                                

  _     ._   __/__   _ _  _  _ _/_   Recorded: 15:04:02  Samples:  17011
 /_//_/// /_\ / //_// / //_'/ //     Duration: 19.092    CPU time: 19.211
/   _/                      v4.6.2

Program: datasets.py

19.092 <module>  datasets.py:1
└─ 19.092 RLDSDataset_action.__init__  datasets.py:80
   └─ 19.092 RLDSDataset_action.make_dataset  datasets.py:151
      └─ 19.090 make_interleaved_dataset  rlds/dataset.py:457
         ├─ 15.375 make_dataset_from_rlds  rlds/dataset.py:39
         │  ├─ 7.518 wrapper  dlimp/dataset.py:16
         │  │     [34 frames hidden]  dlimp, tensorflow, <built-in>
         │  │        6.131 converted_call  tensorflow/python/autograph/impl/api.py:295
         │  │        ├─ 4.618 tf__restructure  ../__autograph_generated_filekmd8k428.py:14
         │  │        │  ├─ 4.005 if_stmt  tensorflow/python/autograph/operators/control_flow.py:1170
         │  │        │  │     [2 frames hidden]  tensorflow
         │  │        │  │        4.002 _py_if_stmt  tensorflow/python/autograph/operators/control_flow.py:1268
         │  │        │  │        └─ 3.877 if_body  ../__autograph_generated_filekmd8k428.py:26
         │  │        │  │           └─ 3.876 converted_call  tensorflow/python/autograph/impl/api.py:295
         │  │        │  │                 [23 frames hidden]  tensorflow, ast
         │  │        │  │                    1.375 tf__iamlab_pick_insert_dataset_transform  ../__autograph_generated_file91e594kf.py:6
         │  │        │  │                    └─ 1.357 converted_call  tensorflow/python/autograph/impl/api.py:295
         │  │        │  │                          [6 frames hidden]  tensorflow
         │  │        │  │                             0.983 tf__from_quaternion  ../__autograph_generated_fileuue95b9z.py:7
         │  │        │  │                             └─ 0.952 converted_call  tensorflow/python/autograph/impl/api.py:295
         │  │        │  │                                   [6 frames hidden]  tensorflow
         │  │        │  │                                      0.205 tf__safe_shrink  ../__autograph_generated_file0v5gq4vd.py:7
         │  │        │  │                    0.260 tf__rt1_dataset_transform  ../__autograph_generated_fileex7hf_9s.py:6
         │  │        │  │                    └─ 0.254 converted_call  tensorflow/python/autograph/impl/api.py:295
         │  │        │  └─ 0.545 converted_call  tensorflow/python/autograph/impl/api.py:295
         │  │        │        [8 frames hidden]  tensorflow
         │  │        ├─ 0.978 converted_call  tensorflow/python/autograph/impl/api.py:295
         │  │        │  ├─ 0.612 tf__normalize_action_and_proprio  ../__autograph_generated_filemjo1qbcd.py:6
         │  │        │  │  └─ 0.612 if_stmt  tensorflow/python/autograph/operators/control_flow.py:1170
         │  │        │  │        [2 frames hidden]  tensorflow
         │  │        │  │           0.610 _py_if_stmt  tensorflow/python/autograph/operators/control_flow.py:1268
         │  │        │  │           └─ 0.610 else_body_4  ../__autograph_generated_filemjo1qbcd.py:46
         │  │        │  │              └─ 0.608 if_stmt  tensorflow/python/autograph/operators/control_flow.py:1170
         │  │        │  │                    [2 frames hidden]  tensorflow
         │  │        │  │                       0.606 _py_if_stmt  tensorflow/python/autograph/operators/control_flow.py:1268
         │  │        │  │                       └─ 0.606 if_body_2  ../__autograph_generated_filemjo1qbcd.py:56
         │  │        │  │                          └─ 0.605 for_stmt  tensorflow/python/autograph/operators/control_flow.py:392
         │  │        │  │                                [3 frames hidden]  tensorflow
         │  │        │  │                                   0.601 protected_body  tensorflow/python/autograph/operators/control_flow.py:465
         │  │        │  │                                   └─ 0.599 loop_body_1  ../__autograph_generated_filemjo1qbcd.py:66
         │  │        │  │                                      └─ 0.594 converted_call  tensorflow/python/autograph/impl/api.py:295
         │  │        │  │                                         └─ 0.364 tf__selective_tree_map  ../__autograph_generated_files3gexvho.py:6
         │  │        │  │                                            └─ 0.355 for_stmt  tensorflow/python/autograph/operators/control_flow.py:392
         │  │        │  │                                                  [3 frames hidden]  tensorflow
         │  │        │  │                                                     0.352 protected_body  tensorflow/python/autograph/operators/control_flow.py:465
         │  │        │  │                                                     └─ 0.351 loop_body  ../__autograph_generated_files3gexvho.py:52
         │  │        │  │                                                        └─ 0.341 if_stmt  tensorflow/python/autograph/operators/control_flow.py:1170
         │  │        │  │                                                              [2 frames hidden]  tensorflow
         │  ├─ 7.304 from_rlds  dlimp/dataset.py:127
         │  │     [153 frames hidden]  dlimp, tensorflow, typing, <built-in>...
         │  │        1.883 converted_call  tensorflow/python/autograph/impl/api.py:295
         │  │        └─ 1.773 tf___broadcast_metadata_rlds  ../__autograph_generated_file3z_fhyhb.py:6
         │  │           └─ 1.702 converted_call  tensorflow/python/autograph/impl/api.py:295
         │  │                 [18 frames hidden]  tensorflow
         │  │                    0.708 <listcomp>  tensorflow/python/util/nest_util.py:1106
         │  │                    └─ 0.708 <lambda>  ../__autograph_generated_file3z_fhyhb.py:17
         │  │                       └─ 0.707 converted_call  tensorflow/python/autograph/impl/api.py:295
         │  │                             [11 frames hidden]  tensorflow
         │  └─ 0.491 inner  contextlib.py:76
         │        [14 frames hidden]  contextlib, tensorflow_datasets
         ├─ 2.486 apply_trajectory_transforms  rlds/dataset.py:254
         │  └─ 2.486 wrapper  dlimp/dataset.py:16
         │        [24 frames hidden]  dlimp, tensorflow
         │           1.334 converted_call  tensorflow/python/autograph/impl/api.py:295
         │           ├─ 0.544 tf__uniform  ../__autograph_generated_filelgzn7807.py:6
         │           │  └─ 0.488 converted_call  tensorflow/python/autograph/impl/api.py:295
         │           │        [6 frames hidden]  tensorflow
         │           │           0.316 <listcomp>  tensorflow/python/util/nest_util.py:1106
         │           │           └─ 0.316 <lambda>  ../__autograph_generated_filelgzn7807.py:17
         │           │              └─ 0.316 converted_call  tensorflow/python/autograph/impl/api.py:295
         │           │                    [14 frames hidden]  tensorflow
         │           ├─ 0.433 tf__chunk_act_obs  ../__autograph_generated_file4q7vqu8_.py:6
         │           │  └─ 0.258 converted_call  tensorflow/python/autograph/impl/api.py:295
         │           │        [2 frames hidden]  tensorflow
         ├─ 0.836 apply_frame_transforms  rlds/dataset.py:369
         │  └─ 0.836 wrapper  dlimp/dataset.py:16
         │        [19 frames hidden]  dlimp, tensorflow
         │           0.607 converted_call  tensorflow/python/autograph/impl/api.py:295
         │           └─ 0.567 tf__apply_obs_transform  ../__autograph_generated_filemfhlika8.py:6
         │              └─ 0.567 converted_call  tensorflow/python/autograph/impl/api.py:295
         │                    [7 frames hidden]  tensorflow
         └─ 0.242 wrapper  dlimp/dataset.py:16
               [6 frames hidden]  dlimp, tensorflow


{'actions': array([[-0.03809828, -0.23181695,  0.04897833,  0.10487723, -0.14500898,
        -0.1268056 ,  0.39537442],
       [-0.02846152, -0.2924031 ,  0.18383539, -0.02684671, -0.43677223,
        -0.21455753,  0.4790749 ],
       [-0.05304766, -0.3519613 ,  0.30670583, -0.09011644, -0.62544334,
        -0.24927163,  0.5363436 ],
       [-0.08740067, -0.36296868,  0.36345685, -0.06410229, -0.68843293,
        -0.15555298,  0.59801763],
       [-0.11719561, -0.34303248,  0.3885678 , -0.00755882, -0.6749165 ,
        -0.08718836,  0.68171805],
       [-0.15158468, -0.30712342,  0.4063816 ,  0.1649586 , -0.65772945,
         0.07559752,  0.7433921 ],
       [-0.18147719, -0.2762996 ,  0.39345002,  0.3038876 , -0.70248073,
         0.2204622 ,  0.8226872 ],
       [-0.18979734, -0.24361598,  0.37203157,  0.38973033, -0.72036695,
         0.27339613,  0.8843612 ],
       [ 0.        ,  0.        ,  0.        ,  0.        ,  0.        ,
         0.        ,  0.8843612 ],
       [ 0.        ,  0.        ,  0.        ,  0.        ,  0.        ,
         0.        ,  0.8843612 ],
       [ 0.        ,  0.        ,  0.        ,  0.        ,  0.        ,
         0.        ,  0.8843612 ],
       [ 0.        ,  0.        ,  0.        ,  0.        ,  0.        ,
         0.        ,  0.8843612 ],
       [ 0.        ,  0.        ,  0.        ,  0.        ,  0.        ,
         0.        ,  0.8843612 ],
       [ 0.        ,  0.        ,  0.        ,  0.        ,  0.        ,
         0.        ,  0.8843612 ],
       [ 0.        ,  0.        ,  0.        ,  0.        ,  0.        ,
         0.        ,  0.8843612 ],
       [ 0.        ,  0.        ,  0.        ,  0.        ,  0.        ,
         0.        ,  0.8843612 ],
       [ 0.        ,  0.        ,  0.        ,  0.        ,  0.        ,
         0.        ,  0.8843612 ],
       [ 0.        ,  0.        ,  0.        ,  0.        ,  0.        ,
         0.        ,  0.8843612 ],
       [ 0.        ,  0.        ,  0.        ,  0.        ,  0.        ,
         0.        ,  0.8843612 ],
       [ 0.        ,  0.        ,  0.        ,  0.        ,  0.        ,
         0.        ,  0.8843612 ],
       [ 0.        ,  0.        ,  0.        ,  0.        ,  0.        ,
         0.        ,  0.8843612 ],
       [ 0.        ,  0.        ,  0.        ,  0.        ,  0.        ,
         0.        ,  0.8843612 ],
       [ 0.        ,  0.        ,  0.        ,  0.        ,  0.        ,
         0.        ,  0.8843612 ],
       [ 0.        ,  0.        ,  0.        ,  0.        ,  0.        ,
         0.        ,  0.8843612 ],
       [ 0.        ,  0.        ,  0.        ,  0.        ,  0.        ,
         0.        ,  0.8843612 ],
       [ 0.        ,  0.        ,  0.        ,  0.        ,  0.        ,
         0.        ,  0.8843612 ],
       [ 0.        ,  0.        ,  0.        ,  0.        ,  0.        ,
         0.        ,  0.8843612 ],
       [ 0.        ,  0.        ,  0.        ,  0.        ,  0.        ,
         0.        ,  0.8843612 ],
       [ 0.        ,  0.        ,  0.        ,  0.        ,  0.        ,
         0.        ,  0.8843612 ],
       [ 0.        ,  0.        ,  0.        ,  0.        ,  0.        ,
         0.        ,  0.8843612 ],
       [ 0.        ,  0.        ,  0.        ,  0.        ,  0.        ,
         0.        ,  0.8843612 ],
       [ 0.        ,  0.        ,  0.        ,  0.        ,  0.        ,
         0.        ,  0.8843612 ],
       [ 0.        ,  0.        ,  0.        ,  0.        ,  0.        ,
         0.        ,  0.8843612 ]], dtype=float32), 'dataset_name': b'droid'}
> /ssdscratch/scml-shared/amete7/openvla/prismatic/vla/datasets/datasets.py(344)<module>()
-> if i > 10:
(Pdb) --KeyboardInterrupt--
(Pdb) --KeyboardInterrupt--
(Pdb) 